# JRE version: OpenJDK Runtime Environment Microsoft-8035246 (17.0.8+7) (build 17.0.8+7-LTS)
# Java VM: OpenJDK 64-Bit Server VM Microsoft-8035246 (17.0.8+7-LTS, mixed mode, sharing, tiered, compressed oops, compressed class ptrs, g1 gc, windows-amd64)
GC Precious Log:
 CPUs: 4 total, 4 available
 Memory: 6091M
 Large Page Support: Disabled
 NUMA Support: Disabled
 Compressed Oops: Enabled (32-bit)
 Heap Region Size: 1M
 Heap Min Capacity: 8M
 Heap Initial Capacity: 96M
 Heap Max Capacity: 2G
 Pre-touch: Disabled
 Parallel Workers: 4
 Concurrent Workers: 1
 Concurrent Refinement Workers: 4
 Periodic GC: Disabled
Heap:
 garbage-first heap   total 290816K, used 201218K [0x0000000080000000, 0x0000000100000000)
  region size 1024K, 11 young (11264K), 6 survivors (6144K)
 Metaspace       used 103068K, committed 104256K, reserved 557056K
  class space    used 14214K, committed 14784K, reserved 425984K
GC Heap History (20 events):
Event: 80.137 GC heap before
{Heap before GC invocations=47 (full 0):
 garbage-first heap   total 290816K, used 227328K [0x0000000080000000, 0x0000000100000000)
  region size 1024K, 86 young (88064K), 7 survivors (7168K)
 Metaspace       used 97399K, committed 98368K, reserved 557056K
  class space    used 13608K, committed 14080K, reserved 425984K
}
Event: 80.168 GC heap after
{Heap after GC invocations=48 (full 0):
 garbage-first heap   total 290816K, used 154817K [0x0000000080000000, 0x0000000100000000)
  region size 1024K, 9 young (9216K), 9 survivors (9216K)
 Metaspace       used 97399K, committed 98368K, reserved 557056K
  class space    used 13608K, committed 14080K, reserved 425984K
}
Event: 82.217 GC heap before
{Heap before GC invocations=48 (full 0):
 garbage-first heap   total 290816K, used 230593K [0x0000000080000000, 0x0000000100000000)
  region size 1024K, 84 young (86016K), 9 survivors (9216K)
 Metaspace       used 98675K, committed 99712K, reserved 557056K
  class space    used 13774K, committed 14272K, reserved 425984K
}
Event: 82.248 GC heap after
{Heap after GC invocations=49 (full 0):
 garbage-first heap   total 290816K, used 161790K [0x0000000080000000, 0x0000000100000000)
  region size 1024K, 7 young (7168K), 7 survivors (7168K)
 Metaspace       used 98675K, committed 99712K, reserved 557056K
  class space    used 13774K, committed 14272K, reserved 425984K
}
Event: 84.176 GC heap before
{Heap before GC invocations=49 (full 0):
 garbage-first heap   total 290816K, used 234494K [0x0000000080000000, 0x0000000100000000)
  region size 1024K, 79 young (80896K), 7 survivors (7168K)
 Metaspace       used 98993K, committed 100032K, reserved 557056K
  class space    used 13824K, committed 14272K, reserved 425984K
}
Event: 84.202 GC heap after
{Heap after GC invocations=50 (full 0):
 garbage-first heap   total 290816K, used 168272K [0x0000000080000000, 0x0000000100000000)
  region size 1024K, 7 young (7168K), 7 survivors (7168K)
 Metaspace       used 98993K, committed 100032K, reserved 557056K
  class space    used 13824K, committed 14272K, reserved 425984K
}
Event: 87.396 GC heap before
{Heap before GC invocations=50 (full 0):
 garbage-first heap   total 290816K, used 245072K [0x0000000080000000, 0x0000000100000000)
  region size 1024K, 75 young (76800K), 7 survivors (7168K)
 Metaspace       used 99306K, committed 100352K, reserved 557056K
  class space    used 13842K, committed 14336K, reserved 425984K
}
Event: 87.437 GC heap after
{Heap after GC invocations=51 (full 0):
 garbage-first heap   total 290816K, used 174571K [0x0000000080000000, 0x0000000100000000)
  region size 1024K, 7 young (7168K), 7 survivors (7168K)
 Metaspace       used 99306K, committed 100352K, reserved 557056K
  class space    used 13842K, committed 14336K, reserved 425984K
}
Event: 89.422 GC heap before
{Heap before GC invocations=51 (full 0):
 garbage-first heap   total 290816K, used 255467K [0x0000000080000000, 0x0000000100000000)
  region size 1024K, 71 young (72704K), 7 survivors (7168K)
 Metaspace       used 99442K, committed 100480K, reserved 557056K
  class space    used 13859K, committed 14336K, reserved 425984K
}
Event: 89.445 GC heap after
{Heap after GC invocations=52 (full 0):
 garbage-first heap   total 290816K, used 179801K [0x0000000080000000, 0x0000000100000000)
  region size 1024K, 6 young (6144K), 6 survivors (6144K)
 Metaspace       used 99442K, committed 100480K, reserved 557056K
  class space    used 13859K, committed 14336K, reserved 425984K
}
Event: 91.394 GC heap before
{Heap before GC invocations=52 (full 0):
 garbage-first heap   total 290816K, used 245337K [0x0000000080000000, 0x0000000100000000)
  region size 1024K, 67 young (68608K), 6 survivors (6144K)
 Metaspace       used 99711K, committed 100864K, reserved 557056K
  class space    used 13893K, committed 14400K, reserved 425984K
}
Event: 91.416 GC heap after
{Heap after GC invocations=53 (full 0):
 garbage-first heap   total 290816K, used 184094K [0x0000000080000000, 0x0000000100000000)
  region size 1024K, 5 young (5120K), 5 survivors (5120K)
 Metaspace       used 99711K, committed 100864K, reserved 557056K
  class space    used 13893K, committed 14400K, reserved 425984K
}
Event: 92.547 GC heap before
{Heap before GC invocations=53 (full 0):
 garbage-first heap   total 290816K, used 247582K [0x0000000080000000, 0x0000000100000000)
  region size 1024K, 64 young (65536K), 5 survivors (5120K)
 Metaspace       used 99847K, committed 100992K, reserved 557056K
  class space    used 13905K, committed 14400K, reserved 425984K
}
Event: 92.568 GC heap after
{Heap after GC invocations=54 (full 0):
 garbage-first heap   total 290816K, used 188084K [0x0000000080000000, 0x0000000100000000)
  region size 1024K, 4 young (4096K), 4 survivors (4096K)
 Metaspace       used 99847K, committed 100992K, reserved 557056K
  class space    used 13905K, committed 14400K, reserved 425984K
}
Event: 93.566 GC heap before
{Heap before GC invocations=54 (full 0):
 garbage-first heap   total 290816K, used 253620K [0x0000000080000000, 0x0000000100000000)
  region size 1024K, 61 young (62464K), 4 survivors (4096K)
 Metaspace       used 99893K, committed 100992K, reserved 557056K
  class space    used 13909K, committed 14400K, reserved 425984K
}
Event: 93.579 GC heap after
{Heap after GC invocations=55 (full 0):
 garbage-first heap   total 290816K, used 195303K [0x0000000080000000, 0x0000000100000000)
  region size 1024K, 7 young (7168K), 7 survivors (7168K)
 Metaspace       used 99893K, committed 100992K, reserved 557056K
  class space    used 13909K, committed 14400K, reserved 425984K
}
Event: 101.171 GC heap before
{Heap before GC invocations=55 (full 0):
 garbage-first heap   total 290816K, used 252647K [0x0000000080000000, 0x0000000100000000)
  region size 1024K, 59 young (60416K), 7 survivors (7168K)
 Metaspace       used 102451K, committed 103616K, reserved 557056K
  class space    used 14174K, committed 14720K, reserved 425984K
}
Event: 101.193 GC heap after
{Heap after GC invocations=56 (full 0):
 garbage-first heap   total 290816K, used 195244K [0x0000000080000000, 0x0000000100000000)
  region size 1024K, 8 young (8192K), 8 survivors (8192K)
 Metaspace       used 102451K, committed 103616K, reserved 557056K
  class space    used 14174K, committed 14720K, reserved 425984K
}
Event: 1403.211 GC heap before
{Heap before GC invocations=56 (full 0):
 garbage-first heap   total 290816K, used 246444K [0x0000000080000000, 0x0000000100000000)
  region size 1024K, 59 young (60416K), 8 survivors (8192K)
 Metaspace       used 103031K, committed 104192K, reserved 557056K
  class space    used 14213K, committed 14784K, reserved 425984K
}
Event: 1403.331 GC heap after
{Heap after GC invocations=57 (full 0):
 garbage-first heap   total 290816K, used 197122K [0x0000000080000000, 0x0000000100000000)
  region size 1024K, 6 young (6144K), 6 survivors (6144K)
 Metaspace       used 103031K, committed 104192K, reserved 557056K
  class space    used 14213K, committed 14784K, reserved 425984K
}

