# JRE version: OpenJDK Runtime Environment Microsoft-8035246 (17.0.8+7) (build 17.0.8+7-LTS)
# Java VM: OpenJDK 64-Bit Server VM Microsoft-8035246 (17.0.8+7-LTS, mixed mode, sharing, tiered, compressed oops, compressed class ptrs, g1 gc, windows-amd64)
GC Precious Log:
 CPUs: 4 total, 4 available
 Memory: 6091M
 Large Page Support: Disabled
 NUMA Support: Disabled
 Compressed Oops: Enabled (32-bit)
 Heap Region Size: 1M
 Heap Min Capacity: 8M
 Heap Initial Capacity: 96M
 Heap Max Capacity: 2G
 Pre-touch: Disabled
 Parallel Workers: 4
 Concurrent Workers: 1
 Concurrent Refinement Workers: 4
 Periodic GC: Disabled
Heap:
 garbage-first heap   total 256000K, used 162682K [0x0000000080000000, 0x0000000100000000)
  region size 1024K, 11 young (11264K), 8 survivors (8192K)
 Metaspace       used 98068K, committed 99072K, reserved 557056K
  class space    used 13723K, committed 14208K, reserved 425984K
GC Heap History (20 events):
Event: 40.294 GC heap before
{Heap before GC invocations=45 (full 0):
 garbage-first heap   total 171008K, used 129344K [0x0000000080000000, 0x0000000100000000)
  region size 1024K, 44 young (45056K), 2 survivors (2048K)
 Metaspace       used 76900K, committed 77632K, reserved 557056K
  class space    used 10723K, committed 11072K, reserved 425984K
}
Event: 40.304 GC heap after
{Heap after GC invocations=46 (full 0):
 garbage-first heap   total 171008K, used 89227K [0x0000000080000000, 0x0000000100000000)
  region size 1024K, 5 young (5120K), 5 survivors (5120K)
 Metaspace       used 76900K, committed 77632K, reserved 557056K
  class space    used 10723K, committed 11072K, reserved 425984K
}
Event: 40.354 GC heap before
{Heap before GC invocations=46 (full 0):
 garbage-first heap   total 171008K, used 92299K [0x0000000080000000, 0x0000000100000000)
  region size 1024K, 8 young (8192K), 5 survivors (5120K)
 Metaspace       used 76921K, committed 77696K, reserved 557056K
  class space    used 10723K, committed 11072K, reserved 425984K
}
Event: 40.365 GC heap after
{Heap after GC invocations=47 (full 0):
 garbage-first heap   total 256000K, used 89701K [0x0000000080000000, 0x0000000100000000)
  region size 1024K, 1 young (1024K), 1 survivors (1024K)
 Metaspace       used 76921K, committed 77696K, reserved 557056K
  class space    used 10723K, committed 11072K, reserved 425984K
}
Event: 48.020 GC heap before
{Heap before GC invocations=47 (full 0):
 garbage-first heap   total 256000K, used 185957K [0x0000000080000000, 0x0000000100000000)
  region size 1024K, 94 young (96256K), 1 survivors (1024K)
 Metaspace       used 81928K, committed 82624K, reserved 557056K
  class space    used 11563K, committed 11904K, reserved 425984K
}
Event: 48.031 GC heap after
{Heap after GC invocations=48 (full 0):
 garbage-first heap   total 256000K, used 93109K [0x0000000080000000, 0x0000000100000000)
  region size 1024K, 5 young (5120K), 5 survivors (5120K)
 Metaspace       used 81928K, committed 82624K, reserved 557056K
  class space    used 11563K, committed 11904K, reserved 425984K
}
Event: 51.298 GC heap before
{Heap before GC invocations=48 (full 0):
 garbage-first heap   total 256000K, used 194485K [0x0000000080000000, 0x0000000100000000)
  region size 1024K, 103 young (105472K), 5 survivors (5120K)
 Metaspace       used 86937K, committed 87744K, reserved 557056K
  class space    used 12298K, committed 12672K, reserved 425984K
}
Event: 51.331 GC heap after
{Heap after GC invocations=49 (full 0):
 garbage-first heap   total 256000K, used 105472K [0x0000000080000000, 0x0000000100000000)
  region size 1024K, 13 young (13312K), 13 survivors (13312K)
 Metaspace       used 86937K, committed 87744K, reserved 557056K
  class space    used 12298K, committed 12672K, reserved 425984K
}
Event: 54.549 GC heap before
{Heap before GC invocations=49 (full 0):
 garbage-first heap   total 256000K, used 203776K [0x0000000080000000, 0x0000000100000000)
  region size 1024K, 104 young (106496K), 13 survivors (13312K)
 Metaspace       used 88067K, committed 89024K, reserved 557056K
  class space    used 12428K, committed 12864K, reserved 425984K
}
Event: 54.602 GC heap after
{Heap after GC invocations=50 (full 0):
 garbage-first heap   total 256000K, used 132672K [0x0000000080000000, 0x0000000100000000)
  region size 1024K, 13 young (13312K), 13 survivors (13312K)
 Metaspace       used 88067K, committed 89024K, reserved 557056K
  class space    used 12428K, committed 12864K, reserved 425984K
}
Event: 56.420 GC heap before
{Heap before GC invocations=50 (full 0):
 garbage-first heap   total 256000K, used 199232K [0x0000000080000000, 0x0000000100000000)
  region size 1024K, 78 young (79872K), 13 survivors (13312K)
 Metaspace       used 91982K, committed 92928K, reserved 557056K
  class space    used 13007K, committed 13440K, reserved 425984K
}
Event: 56.453 GC heap after
{Heap after GC invocations=51 (full 0):
 garbage-first heap   total 256000K, used 139138K [0x0000000080000000, 0x0000000100000000)
  region size 1024K, 6 young (6144K), 6 survivors (6144K)
 Metaspace       used 91982K, committed 92928K, reserved 557056K
  class space    used 13007K, committed 13440K, reserved 425984K
}
Event: 60.291 GC heap before
{Heap before GC invocations=51 (full 0):
 garbage-first heap   total 256000K, used 203650K [0x0000000080000000, 0x0000000100000000)
  region size 1024K, 69 young (70656K), 6 survivors (6144K)
 Metaspace       used 95950K, committed 96960K, reserved 557056K
  class space    used 13481K, committed 13952K, reserved 425984K
}
Event: 60.317 GC heap after
{Heap after GC invocations=52 (full 0):
 garbage-first heap   total 256000K, used 145408K [0x0000000080000000, 0x0000000100000000)
  region size 1024K, 6 young (6144K), 6 survivors (6144K)
 Metaspace       used 95950K, committed 96960K, reserved 557056K
  class space    used 13481K, committed 13952K, reserved 425984K
}
Event: 61.677 GC heap before
{Heap before GC invocations=52 (full 0):
 garbage-first heap   total 256000K, used 206848K [0x0000000080000000, 0x0000000100000000)
  region size 1024K, 66 young (67584K), 6 survivors (6144K)
 Metaspace       used 96801K, committed 97728K, reserved 557056K
  class space    used 13565K, committed 14016K, reserved 425984K
}
Event: 61.706 GC heap after
{Heap after GC invocations=53 (full 0):
 garbage-first heap   total 256000K, used 152085K [0x0000000080000000, 0x0000000100000000)
  region size 1024K, 7 young (7168K), 7 survivors (7168K)
 Metaspace       used 96801K, committed 97728K, reserved 557056K
  class space    used 13565K, committed 14016K, reserved 425984K
}
Event: 63.827 GC heap before
{Heap before GC invocations=53 (full 0):
 garbage-first heap   total 256000K, used 207381K [0x0000000080000000, 0x0000000100000000)
  region size 1024K, 62 young (63488K), 7 survivors (7168K)
 Metaspace       used 97778K, committed 98816K, reserved 557056K
  class space    used 13675K, committed 14144K, reserved 425984K
}
Event: 63.849 GC heap after
{Heap after GC invocations=54 (full 0):
 garbage-first heap   total 256000K, used 156235K [0x0000000080000000, 0x0000000100000000)
  region size 1024K, 4 young (4096K), 4 survivors (4096K)
 Metaspace       used 97778K, committed 98816K, reserved 557056K
  class space    used 13675K, committed 14144K, reserved 425984K
}
Event: 65.764 GC heap before
{Heap before GC invocations=54 (full 0):
 garbage-first heap   total 256000K, used 211531K [0x0000000080000000, 0x0000000100000000)
  region size 1024K, 58 young (59392K), 4 survivors (4096K)
 Metaspace       used 98068K, committed 99072K, reserved 557056K
  class space    used 13723K, committed 14208K, reserved 425984K
}
Event: 65.783 GC heap after
{Heap after GC invocations=55 (full 0):
 garbage-first heap   total 256000K, used 160634K [0x0000000080000000, 0x0000000100000000)
  region size 1024K, 8 young (8192K), 8 survivors (8192K)
 Metaspace       used 98068K, committed 99072K, reserved 557056K
  class space    used 13723K, committed 14208K, reserved 425984K
}

